<?xml version="1.0" encoding="UTF-8"?>
<!-- Generated by org.testng.reporters.JUnitReportReporter -->
<testsuite skipped="0" hostname="ankit-desktop" name="com.umbrella.MagnetoBackend.FunctionalTest.VerifyYouTubeFunctionality" tests="1" failures="0" timestamp="09 Feb 2018 14:20:32 GMT" time="8.678" errors="0">
  <testcase name="SkipAddTest" time="8.678" classname="com.umbrella.MagnetoBackend.FunctionalTest.VerifyYouTubeFunctionality"/>
</testsuite> <!-- com.umbrella.MagnetoBackend.FunctionalTest.VerifyYouTubeFunctionality -->
